<?xml version="1.0" encoding="UTF-8"?>
<!-- Generated by org.testng.reporters.JUnitReportReporter -->
<testsuite hostname="RR_cb" name="gsd.inescid.markpledge3.testng.CandidateVoteTest" tests="10" failures="0" timestamp="4 Nov 2010 11:04:46 GMT" time="1,473" errors="0">
  <testcase name="staticCandidateVoteTest" time="0,110" classname="gsd.inescid.markpledge3.testng.CandidateVoteTest"/>
  <testcase name="staticCandidateVoteTest" time="0,040" classname="gsd.inescid.markpledge3.testng.CandidateVoteTest"/>
  <testcase name="staticCandidateVoteTest" time="0,010" classname="gsd.inescid.markpledge3.testng.CandidateVoteTest"/>
  <testcase name="staticCandidateVoteTest" time="0,030" classname="gsd.inescid.markpledge3.testng.CandidateVoteTest"/>
  <testcase name="staticCandidateVoteTest" time="0,554" classname="gsd.inescid.markpledge3.testng.CandidateVoteTest"/>
  <testcase name="staticCandidateVoteTest" time="0,000" classname="gsd.inescid.markpledge3.testng.CandidateVoteTest"/>
  <testcase name="staticCandidateVoteTest" time="0,020" classname="gsd.inescid.markpledge3.testng.CandidateVoteTest"/>
  <testcase name="staticCandidateVoteTest" time="0,137" classname="gsd.inescid.markpledge3.testng.CandidateVoteTest"/>
  <testcase name="staticCandidateVoteTest" time="0,561" classname="gsd.inescid.markpledge3.testng.CandidateVoteTest"/>
  <testcase name="staticCandidateVoteTest" time="0,011" classname="gsd.inescid.markpledge3.testng.CandidateVoteTest"/>
</testsuite>
